<?xml version="1.0" encoding="UTF-8"?>
<testsuite xmlns:xsi="http://www.w3.org/2001/XMLSchema-instance" xsi:noNamespaceSchemaLocation="https://maven.apache.org/surefire/maven-surefire-plugin/xsd/surefire-test-report.xsd" version="3.0.2" name="sia.tacocloud.HomeControllerTest" time="0.28" tests="1" errors="0" skipped="0" failures="0">
  <properties>
    <property name="java.specification.version" value="22"/>
    <property name="sun.jnu.encoding" value="UTF-8"/>
    <property name="java.class.path" value="/Users/sergey/Downloads/taco-cloud/taco-cloud/target/test-classes:/Users/sergey/Downloads/taco-cloud/taco-cloud/target/classes:/Users/sergey/.m2/repository/org/springframework/boot/spring-boot-starter-thymeleaf/3.4.0/spring-boot-starter-thymeleaf-3.4.0.jar:/Users/sergey/.m2/repository/org/springframework/boot/spring-boot-starter/3.4.0/spring-boot-starter-3.4.0.jar:/Users/sergey/.m2/repository/org/springframework/boot/spring-boot-starter-logging/3.4.0/spring-boot-starter-logging-3.4.0.jar:/Users/sergey/.m2/repository/ch/qos/logback/logback-classic/1.5.12/logback-classic-1.5.12.jar:/Users/sergey/.m2/repository/ch/qos/logback/logback-core/1.5.12/logback-core-1.5.12.jar:/Users/sergey/.m2/repository/org/apache/logging/log4j/log4j-to-slf4j/2.24.1/log4j-to-slf4j-2.24.1.jar:/Users/sergey/.m2/repository/org/apache/logging/log4j/log4j-api/2.24.1/log4j-api-2.24.1.jar:/Users/sergey/.m2/repository/org/slf4j/jul-to-slf4j/2.0.16/jul-to-slf4j-2.0.16.jar:/Users/sergey/.m2/repository/jakarta/annotation/jakarta.annotation-api/2.1.1/jakarta.annotation-api-2.1.1.jar:/Users/sergey/.m2/repository/org/yaml/snakeyaml/2.3/snakeyaml-2.3.jar:/Users/sergey/.m2/repository/org/thymeleaf/thymeleaf-spring6/3.1.2.RELEASE/thymeleaf-spring6-3.1.2.RELEASE.jar:/Users/sergey/.m2/repository/org/thymeleaf/thymeleaf/3.1.2.RELEASE/thymeleaf-3.1.2.RELEASE.jar:/Users/sergey/.m2/repository/org/attoparser/attoparser/2.0.7.RELEASE/attoparser-2.0.7.RELEASE.jar:/Users/sergey/.m2/repository/org/unbescape/unbescape/1.1.6.RELEASE/unbescape-1.1.6.RELEASE.jar:/Users/sergey/.m2/repository/org/slf4j/slf4j-api/2.0.16/slf4j-api-2.0.16.jar:/Users/sergey/.m2/repository/org/springframework/boot/spring-boot-starter-web/3.4.0/spring-boot-starter-web-3.4.0.jar:/Users/sergey/.m2/repository/org/springframework/boot/spring-boot-starter-json/3.4.0/spring-boot-starter-json-3.4.0.jar:/Users/sergey/.m2/repository/com/fasterxml/jackson/core/jackson-databind/2.18.1/jackson-databind-2.18.1.jar:/Users/sergey/.m2/repository/com/fasterxml/jackson/core/jackson-annotations/2.18.1/jackson-annotations-2.18.1.jar:/Users/sergey/.m2/repository/com/fasterxml/jackson/core/jackson-core/2.18.1/jackson-core-2.18.1.jar:/Users/sergey/.m2/repository/com/fasterxml/jackson/datatype/jackson-datatype-jdk8/2.18.1/jackson-datatype-jdk8-2.18.1.jar:/Users/sergey/.m2/repository/com/fasterxml/jackson/datatype/jackson-datatype-jsr310/2.18.1/jackson-datatype-jsr310-2.18.1.jar:/Users/sergey/.m2/repository/com/fasterxml/jackson/module/jackson-module-parameter-names/2.18.1/jackson-module-parameter-names-2.18.1.jar:/Users/sergey/.m2/repository/org/springframework/boot/spring-boot-starter-tomcat/3.4.0/spring-boot-starter-tomcat-3.4.0.jar:/Users/sergey/.m2/repository/org/apache/tomcat/embed/tomcat-embed-core/10.1.33/tomcat-embed-core-10.1.33.jar:/Users/sergey/.m2/repository/org/apache/tomcat/embed/tomcat-embed-el/10.1.33/tomcat-embed-el-10.1.33.jar:/Users/sergey/.m2/repository/org/apache/tomcat/embed/tomcat-embed-websocket/10.1.33/tomcat-embed-websocket-10.1.33.jar:/Users/sergey/.m2/repository/org/springframework/spring-web/6.2.0/spring-web-6.2.0.jar:/Users/sergey/.m2/repository/org/springframework/spring-beans/6.2.0/spring-beans-6.2.0.jar:/Users/sergey/.m2/repository/io/micrometer/micrometer-observation/1.14.1/micrometer-observation-1.14.1.jar:/Users/sergey/.m2/repository/io/micrometer/micrometer-commons/1.14.1/micrometer-commons-1.14.1.jar:/Users/sergey/.m2/repository/org/springframework/spring-webmvc/6.2.0/spring-webmvc-6.2.0.jar:/Users/sergey/.m2/repository/org/springframework/spring-aop/6.2.0/spring-aop-6.2.0.jar:/Users/sergey/.m2/repository/org/springframework/spring-context/6.2.0/spring-context-6.2.0.jar:/Users/sergey/.m2/repository/org/springframework/spring-expression/6.2.0/spring-expression-6.2.0.jar:/Users/sergey/.m2/repository/org/springframework/boot/spring-boot-devtools/3.4.0/spring-boot-devtools-3.4.0.jar:/Users/sergey/.m2/repository/org/springframework/boot/spring-boot/3.4.0/spring-boot-3.4.0.jar:/Users/sergey/.m2/repository/org/springframework/boot/spring-boot-autoconfigure/3.4.0/spring-boot-autoconfigure-3.4.0.jar:/Users/sergey/.m2/repository/org/projectlombok/lombok/1.18.36/lombok-1.18.36.jar:/Users/sergey/.m2/repository/org/springframework/boot/spring-boot-starter-test/3.4.0/spring-boot-starter-test-3.4.0.jar:/Users/sergey/.m2/repository/org/springframework/boot/spring-boot-test/3.4.0/spring-boot-test-3.4.0.jar:/Users/sergey/.m2/repository/org/springframework/boot/spring-boot-test-autoconfigure/3.4.0/spring-boot-test-autoconfigure-3.4.0.jar:/Users/sergey/.m2/repository/com/jayway/jsonpath/json-path/2.9.0/json-path-2.9.0.jar:/Users/sergey/.m2/repository/jakarta/xml/bind/jakarta.xml.bind-api/4.0.2/jakarta.xml.bind-api-4.0.2.jar:/Users/sergey/.m2/repository/jakarta/activation/jakarta.activation-api/2.1.3/jakarta.activation-api-2.1.3.jar:/Users/sergey/.m2/repository/net/minidev/json-smart/2.5.1/json-smart-2.5.1.jar:/Users/sergey/.m2/repository/net/minidev/accessors-smart/2.5.1/accessors-smart-2.5.1.jar:/Users/sergey/.m2/repository/org/ow2/asm/asm/9.6/asm-9.6.jar:/Users/sergey/.m2/repository/org/assertj/assertj-core/3.26.3/assertj-core-3.26.3.jar:/Users/sergey/.m2/repository/net/bytebuddy/byte-buddy/1.15.10/byte-buddy-1.15.10.jar:/Users/sergey/.m2/repository/org/awaitility/awaitility/4.2.2/awaitility-4.2.2.jar:/Users/sergey/.m2/repository/org/hamcrest/hamcrest/2.2/hamcrest-2.2.jar:/Users/sergey/.m2/repository/org/junit/jupiter/junit-jupiter/5.11.3/junit-jupiter-5.11.3.jar:/Users/sergey/.m2/repository/org/junit/jupiter/junit-jupiter-api/5.11.3/junit-jupiter-api-5.11.3.jar:/Users/sergey/.m2/repository/org/opentest4j/opentest4j/1.3.0/opentest4j-1.3.0.jar:/Users/sergey/.m2/repository/org/junit/platform/junit-platform-commons/1.11.3/junit-platform-commons-1.11.3.jar:/Users/sergey/.m2/repository/org/apiguardian/apiguardian-api/1.1.2/apiguardian-api-1.1.2.jar:/Users/sergey/.m2/repository/org/junit/jupiter/junit-jupiter-params/5.11.3/junit-jupiter-params-5.11.3.jar:/Users/sergey/.m2/repository/org/junit/jupiter/junit-jupiter-engine/5.11.3/junit-jupiter-engine-5.11.3.jar:/Users/sergey/.m2/repository/org/junit/platform/junit-platform-engine/1.11.3/junit-platform-engine-1.11.3.jar:/Users/sergey/.m2/repository/org/mockito/mockito-core/5.14.2/mockito-core-5.14.2.jar:/Users/sergey/.m2/repository/net/bytebuddy/byte-buddy-agent/1.15.10/byte-buddy-agent-1.15.10.jar:/Users/sergey/.m2/repository/org/objenesis/objenesis/3.3/objenesis-3.3.jar:/Users/sergey/.m2/repository/org/mockito/mockito-junit-jupiter/5.14.2/mockito-junit-jupiter-5.14.2.jar:/Users/sergey/.m2/repository/org/skyscreamer/jsonassert/1.5.3/jsonassert-1.5.3.jar:/Users/sergey/.m2/repository/com/vaadin/external/google/android-json/0.0.20131108.vaadin1/android-json-0.0.20131108.vaadin1.jar:/Users/sergey/.m2/repository/org/springframework/spring-core/6.2.0/spring-core-6.2.0.jar:/Users/sergey/.m2/repository/org/springframework/spring-jcl/6.2.0/spring-jcl-6.2.0.jar:/Users/sergey/.m2/repository/org/springframework/spring-test/6.2.0/spring-test-6.2.0.jar:/Users/sergey/.m2/repository/org/xmlunit/xmlunit-core/2.10.0/xmlunit-core-2.10.0.jar:"/>
    <property name="java.vm.vendor" value="Oracle Corporation"/>
    <property name="sun.arch.data.model" value="64"/>
    <property name="java.vendor.url" value="https://java.oracle.com/"/>
    <property name="user.timezone" value="Europe/Moscow"/>
    <property name="os.name" value="Mac OS X"/>
    <property name="java.vm.specification.version" value="22"/>
    <property name="APPLICATION_NAME" value="taco-cloud"/>
    <property name="sun.java.launcher" value="SUN_STANDARD"/>
    <property name="user.country" value="RU"/>
    <property name="sun.boot.library.path" value="/Library/Java/JavaVirtualMachines/jdk-22.jdk/Contents/Home/lib"/>
    <property name="sun.java.command" value="/Users/sergey/Downloads/taco-cloud/taco-cloud/target/surefire/surefirebooter-20250124220703180_3.jar /Users/sergey/Downloads/taco-cloud/taco-cloud/target/surefire 2025-01-24T22-07-03_118-jvmRun1 surefire-20250124220703180_1tmp surefire_0-20250124220703180_2tmp"/>
    <property name="http.nonProxyHosts" value="local|*.local|169.254/16|*.169.254/16"/>
    <property name="jdk.debug" value="release"/>
    <property name="surefire.test.class.path" value="/Users/sergey/Downloads/taco-cloud/taco-cloud/target/test-classes:/Users/sergey/Downloads/taco-cloud/taco-cloud/target/classes:/Users/sergey/.m2/repository/org/springframework/boot/spring-boot-starter-thymeleaf/3.4.0/spring-boot-starter-thymeleaf-3.4.0.jar:/Users/sergey/.m2/repository/org/springframework/boot/spring-boot-starter/3.4.0/spring-boot-starter-3.4.0.jar:/Users/sergey/.m2/repository/org/springframework/boot/spring-boot-starter-logging/3.4.0/spring-boot-starter-logging-3.4.0.jar:/Users/sergey/.m2/repository/ch/qos/logback/logback-classic/1.5.12/logback-classic-1.5.12.jar:/Users/sergey/.m2/repository/ch/qos/logback/logback-core/1.5.12/logback-core-1.5.12.jar:/Users/sergey/.m2/repository/org/apache/logging/log4j/log4j-to-slf4j/2.24.1/log4j-to-slf4j-2.24.1.jar:/Users/sergey/.m2/repository/org/apache/logging/log4j/log4j-api/2.24.1/log4j-api-2.24.1.jar:/Users/sergey/.m2/repository/org/slf4j/jul-to-slf4j/2.0.16/jul-to-slf4j-2.0.16.jar:/Users/sergey/.m2/repository/jakarta/annotation/jakarta.annotation-api/2.1.1/jakarta.annotation-api-2.1.1.jar:/Users/sergey/.m2/repository/org/yaml/snakeyaml/2.3/snakeyaml-2.3.jar:/Users/sergey/.m2/repository/org/thymeleaf/thymeleaf-spring6/3.1.2.RELEASE/thymeleaf-spring6-3.1.2.RELEASE.jar:/Users/sergey/.m2/repository/org/thymeleaf/thymeleaf/3.1.2.RELEASE/thymeleaf-3.1.2.RELEASE.jar:/Users/sergey/.m2/repository/org/attoparser/attoparser/2.0.7.RELEASE/attoparser-2.0.7.RELEASE.jar:/Users/sergey/.m2/repository/org/unbescape/unbescape/1.1.6.RELEASE/unbescape-1.1.6.RELEASE.jar:/Users/sergey/.m2/repository/org/slf4j/slf4j-api/2.0.16/slf4j-api-2.0.16.jar:/Users/sergey/.m2/repository/org/springframework/boot/spring-boot-starter-web/3.4.0/spring-boot-starter-web-3.4.0.jar:/Users/sergey/.m2/repository/org/springframework/boot/spring-boot-starter-json/3.4.0/spring-boot-starter-json-3.4.0.jar:/Users/sergey/.m2/repository/com/fasterxml/jackson/core/jackson-databind/2.18.1/jackson-databind-2.18.1.jar:/Users/sergey/.m2/repository/com/fasterxml/jackson/core/jackson-annotations/2.18.1/jackson-annotations-2.18.1.jar:/Users/sergey/.m2/repository/com/fasterxml/jackson/core/jackson-core/2.18.1/jackson-core-2.18.1.jar:/Users/sergey/.m2/repository/com/fasterxml/jackson/datatype/jackson-datatype-jdk8/2.18.1/jackson-datatype-jdk8-2.18.1.jar:/Users/sergey/.m2/repository/com/fasterxml/jackson/datatype/jackson-datatype-jsr310/2.18.1/jackson-datatype-jsr310-2.18.1.jar:/Users/sergey/.m2/repository/com/fasterxml/jackson/module/jackson-module-parameter-names/2.18.1/jackson-module-parameter-names-2.18.1.jar:/Users/sergey/.m2/repository/org/springframework/boot/spring-boot-starter-tomcat/3.4.0/spring-boot-starter-tomcat-3.4.0.jar:/Users/sergey/.m2/repository/org/apache/tomcat/embed/tomcat-embed-core/10.1.33/tomcat-embed-core-10.1.33.jar:/Users/sergey/.m2/repository/org/apache/tomcat/embed/tomcat-embed-el/10.1.33/tomcat-embed-el-10.1.33.jar:/Users/sergey/.m2/repository/org/apache/tomcat/embed/tomcat-embed-websocket/10.1.33/tomcat-embed-websocket-10.1.33.jar:/Users/sergey/.m2/repository/org/springframework/spring-web/6.2.0/spring-web-6.2.0.jar:/Users/sergey/.m2/repository/org/springframework/spring-beans/6.2.0/spring-beans-6.2.0.jar:/Users/sergey/.m2/repository/io/micrometer/micrometer-observation/1.14.1/micrometer-observation-1.14.1.jar:/Users/sergey/.m2/repository/io/micrometer/micrometer-commons/1.14.1/micrometer-commons-1.14.1.jar:/Users/sergey/.m2/repository/org/springframework/spring-webmvc/6.2.0/spring-webmvc-6.2.0.jar:/Users/sergey/.m2/repository/org/springframework/spring-aop/6.2.0/spring-aop-6.2.0.jar:/Users/sergey/.m2/repository/org/springframework/spring-context/6.2.0/spring-context-6.2.0.jar:/Users/sergey/.m2/repository/org/springframework/spring-expression/6.2.0/spring-expression-6.2.0.jar:/Users/sergey/.m2/repository/org/springframework/boot/spring-boot-devtools/3.4.0/spring-boot-devtools-3.4.0.jar:/Users/sergey/.m2/repository/org/springframework/boot/spring-boot/3.4.0/spring-boot-3.4.0.jar:/Users/sergey/.m2/repository/org/springframework/boot/spring-boot-autoconfigure/3.4.0/spring-boot-autoconfigure-3.4.0.jar:/Users/sergey/.m2/repository/org/projectlombok/lombok/1.18.36/lombok-1.18.36.jar:/Users/sergey/.m2/repository/org/springframework/boot/spring-boot-starter-test/3.4.0/spring-boot-starter-test-3.4.0.jar:/Users/sergey/.m2/repository/org/springframework/boot/spring-boot-test/3.4.0/spring-boot-test-3.4.0.jar:/Users/sergey/.m2/repository/org/springframework/boot/spring-boot-test-autoconfigure/3.4.0/spring-boot-test-autoconfigure-3.4.0.jar:/Users/sergey/.m2/repository/com/jayway/jsonpath/json-path/2.9.0/json-path-2.9.0.jar:/Users/sergey/.m2/repository/jakarta/xml/bind/jakarta.xml.bind-api/4.0.2/jakarta.xml.bind-api-4.0.2.jar:/Users/sergey/.m2/repository/jakarta/activation/jakarta.activation-api/2.1.3/jakarta.activation-api-2.1.3.jar:/Users/sergey/.m2/repository/net/minidev/json-smart/2.5.1/json-smart-2.5.1.jar:/Users/sergey/.m2/repository/net/minidev/accessors-smart/2.5.1/accessors-smart-2.5.1.jar:/Users/sergey/.m2/repository/org/ow2/asm/asm/9.6/asm-9.6.jar:/Users/sergey/.m2/repository/org/assertj/assertj-core/3.26.3/assertj-core-3.26.3.jar:/Users/sergey/.m2/repository/net/bytebuddy/byte-buddy/1.15.10/byte-buddy-1.15.10.jar:/Users/sergey/.m2/repository/org/awaitility/awaitility/4.2.2/awaitility-4.2.2.jar:/Users/sergey/.m2/repository/org/hamcrest/hamcrest/2.2/hamcrest-2.2.jar:/Users/sergey/.m2/repository/org/junit/jupiter/junit-jupiter/5.11.3/junit-jupiter-5.11.3.jar:/Users/sergey/.m2/repository/org/junit/jupiter/junit-jupiter-api/5.11.3/junit-jupiter-api-5.11.3.jar:/Users/sergey/.m2/repository/org/opentest4j/opentest4j/1.3.0/opentest4j-1.3.0.jar:/Users/sergey/.m2/repository/org/junit/platform/junit-platform-commons/1.11.3/junit-platform-commons-1.11.3.jar:/Users/sergey/.m2/repository/org/apiguardian/apiguardian-api/1.1.2/apiguardian-api-1.1.2.jar:/Users/sergey/.m2/repository/org/junit/jupiter/junit-jupiter-params/5.11.3/junit-jupiter-params-5.11.3.jar:/Users/sergey/.m2/repository/org/junit/jupiter/junit-jupiter-engine/5.11.3/junit-jupiter-engine-5.11.3.jar:/Users/sergey/.m2/repository/org/junit/platform/junit-platform-engine/1.11.3/junit-platform-engine-1.11.3.jar:/Users/sergey/.m2/repository/org/mockito/mockito-core/5.14.2/mockito-core-5.14.2.jar:/Users/sergey/.m2/repository/net/bytebuddy/byte-buddy-agent/1.15.10/byte-buddy-agent-1.15.10.jar:/Users/sergey/.m2/repository/org/objenesis/objenesis/3.3/objenesis-3.3.jar:/Users/sergey/.m2/repository/org/mockito/mockito-junit-jupiter/5.14.2/mockito-junit-jupiter-5.14.2.jar:/Users/sergey/.m2/repository/org/skyscreamer/jsonassert/1.5.3/jsonassert-1.5.3.jar:/Users/sergey/.m2/repository/com/vaadin/external/google/android-json/0.0.20131108.vaadin1/android-json-0.0.20131108.vaadin1.jar:/Users/sergey/.m2/repository/org/springframework/spring-core/6.2.0/spring-core-6.2.0.jar:/Users/sergey/.m2/repository/org/springframework/spring-jcl/6.2.0/spring-jcl-6.2.0.jar:/Users/sergey/.m2/repository/org/springframework/spring-test/6.2.0/spring-test-6.2.0.jar:/Users/sergey/.m2/repository/org/xmlunit/xmlunit-core/2.10.0/xmlunit-core-2.10.0.jar:"/>
    <property name="sun.cpu.endian" value="little"/>
    <property name="user.home" value="/Users/sergey"/>
    <property name="user.language" value="ru"/>
    <property name="java.specification.vendor" value="Oracle Corporation"/>
    <property name="java.version.date" value="2024-04-16"/>
    <property name="java.home" value="/Library/Java/JavaVirtualMachines/jdk-22.jdk/Contents/Home"/>
    <property name="file.separator" value="/"/>
    <property name="basedir" value="/Users/sergey/Downloads/taco-cloud/taco-cloud"/>
    <property name="java.vm.compressedOopsMode" value="Zero based"/>
    <property name="line.separator" value="&#10;"/>
    <property name="java.vm.specification.vendor" value="Oracle Corporation"/>
    <property name="java.specification.name" value="Java Platform API Specification"/>
    <property name="FILE_LOG_CHARSET" value="UTF-8"/>
    <property name="java.awt.headless" value="true"/>
    <property name="apple.awt.application.name" value="ForkedBooter"/>
    <property name="surefire.real.class.path" value="/Users/sergey/Downloads/taco-cloud/taco-cloud/target/surefire/surefirebooter-20250124220703180_3.jar"/>
    <property name="sun.management.compiler" value="HotSpot 64-Bit Tiered Compilers"/>
    <property name="ftp.nonProxyHosts" value="local|*.local|169.254/16|*.169.254/16"/>
    <property name="java.runtime.version" value="22.0.1+8-16"/>
    <property name="user.name" value="sergey"/>
    <property name="stdout.encoding" value="UTF-8"/>
    <property name="path.separator" value=":"/>
    <property name="os.version" value="14.5"/>
    <property name="java.runtime.name" value="Java(TM) SE Runtime Environment"/>
    <property name="file.encoding" value="UTF-8"/>
    <property name="java.vm.name" value="Java HotSpot(TM) 64-Bit Server VM"/>
    <property name="localRepository" value="/Users/sergey/.m2/repository"/>
    <property name="java.vendor.url.bug" value="https://bugreport.java.com/bugreport/"/>
    <property name="java.io.tmpdir" value="/var/folders/g3/bmncpgvx0378drw8nlt43bnm0000gn/T/"/>
    <property name="idea.version" value="2022.2.1"/>
    <property name="java.version" value="22.0.1"/>
    <property name="user.dir" value="/Users/sergey/Downloads/taco-cloud/taco-cloud"/>
    <property name="os.arch" value="aarch64"/>
    <property name="java.vm.specification.name" value="Java Virtual Machine Specification"/>
    <property name="PID" value="90020"/>
    <property name="CONSOLE_LOG_CHARSET" value="UTF-8"/>
    <property name="native.encoding" value="UTF-8"/>
    <property name="java.library.path" value="/Users/sergey/Library/Java/Extensions:/Library/Java/Extensions:/Network/Library/Java/Extensions:/System/Library/Java/Extensions:/usr/lib/java:."/>
    <property name="java.vm.info" value="mixed mode, sharing"/>
    <property name="stderr.encoding" value="UTF-8"/>
    <property name="java.vendor" value="Oracle Corporation"/>
    <property name="java.vm.version" value="22.0.1+8-16"/>
    <property name="sun.io.unicode.encoding" value="UnicodeBig"/>
    <property name="socksNonProxyHosts" value="local|*.local|169.254/16|*.169.254/16"/>
    <property name="java.class.version" value="66.0"/>
    <property name="LOGGED_APPLICATION_NAME" value="[taco-cloud] "/>
  </properties>
  <testcase name="testHomePage" classname="sia.tacocloud.HomeControllerTest" time="0.149">
    <system-out><![CDATA[2025-01-24T22:07:04.828+03:00  INFO 90020 --- [taco-cloud] [           main] t.c.s.AnnotationConfigContextLoaderUtils : Could not detect default configuration classes for test class [sia.tacocloud.HomeControllerTest]: HomeControllerTest does not declare any static, non-private, non-final, nested classes annotated with @Configuration.
2025-01-24T22:07:04.838+03:00  INFO 90020 --- [taco-cloud] [           main] .b.t.c.SpringBootTestContextBootstrapper : Found @SpringBootConfiguration sia.tacocloud.TacoCloudApplication for test class sia.tacocloud.HomeControllerTest
2025-01-24T22:07:04.841+03:00  INFO 90020 --- [taco-cloud] [           main] o.s.b.d.r.RestartApplicationListener     : Restart disabled due to context in which it is running

  .   ____          _            __ _ _
 /\\ / ___'_ __ _ _(_)_ __  __ _ \ \ \ \
( ( )\___ | '_ | '_| | '_ \/ _` | \ \ \ \
 \\/  ___)| |_)| | | | | || (_| |  ) ) ) )
  '  |____| .__|_| |_|_| |_\__, | / / / /
 =========|_|==============|___/=/_/_/_/

 :: Spring Boot ::                (v3.4.0)

2025-01-24T22:07:04.853+03:00  INFO 90020 --- [taco-cloud] [           main] sia.tacocloud.HomeControllerTest         : Starting HomeControllerTest using Java 22.0.1 with PID 90020 (started by sergey in /Users/sergey/Downloads/taco-cloud/taco-cloud)
2025-01-24T22:07:04.853+03:00  INFO 90020 --- [taco-cloud] [           main] sia.tacocloud.HomeControllerTest         : No active profile set, falling back to 1 default profile: "default"
2025-01-24T22:07:04.949+03:00  INFO 90020 --- [taco-cloud] [           main] o.s.b.t.m.w.SpringBootMockServletContext : Initializing Spring TestDispatcherServlet ''
2025-01-24T22:07:04.949+03:00  INFO 90020 --- [taco-cloud] [           main] o.s.t.web.servlet.TestDispatcherServlet  : Initializing Servlet ''
2025-01-24T22:07:04.950+03:00  INFO 90020 --- [taco-cloud] [           main] o.s.t.web.servlet.TestDispatcherServlet  : Completed initialization in 0 ms
2025-01-24T22:07:04.955+03:00  INFO 90020 --- [taco-cloud] [           main] sia.tacocloud.HomeControllerTest         : Started HomeControllerTest in 0.114 seconds (process running for 1.722)
]]></system-out>
  </testcase>
</testsuite>